2023-10-10 21:27:56,976 - root - INFO - 横坐标: 1
2023-10-10 21:27:56,989 - root - INFO - 当前节点数：23816 当前边数：23923
2023-10-10 21:27:57,013 - root - INFO - 累计剪枝节点数：61 累计剪枝边数：241
2023-10-12 15:26:39,310 - root - INFO - 横坐标: 1
2023-10-12 15:26:39,317 - root - INFO - 当前节点数：23816 当前边数：23923
2023-10-12 15:26:39,334 - root - INFO - 累计剪枝节点数：61 累计剪枝边数：241
2023-10-12 15:26:44,238 - root - INFO - 横坐标: 2
2023-10-12 15:26:44,250 - root - INFO - 当前节点数：47188 当前边数：47199
2023-10-12 15:26:45,072 - root - INFO - 累计剪枝节点数：6260 累计剪枝边数：12516
2023-10-12 15:26:50,046 - root - INFO - 横坐标: 3
2023-10-12 15:26:50,069 - root - INFO - 当前节点数：63968 当前边数：57939
2023-10-12 15:26:51,401 - root - INFO - 累计剪枝节点数：15533 累计剪枝边数：25030
2023-10-12 15:26:56,520 - root - INFO - 横坐标: 4
2023-10-12 15:26:56,551 - root - INFO - 当前节点数：77319 当前边数：68124
2023-10-12 15:26:58,848 - root - INFO - 累计剪枝节点数：27597 累计剪枝边数：39817
2023-10-12 15:27:03,906 - root - INFO - 横坐标: 5
2023-10-12 15:27:03,935 - root - INFO - 当前节点数：87468 当前边数：75622
2023-10-12 15:27:06,432 - root - INFO - 累计剪枝节点数：40722 累计剪枝边数：54385
2023-10-12 15:27:11,471 - root - INFO - 横坐标: 6
2023-10-12 15:27:11,505 - root - INFO - 当前节点数：96090 当前边数：82833
2023-10-12 15:27:13,778 - root - INFO - 累计剪枝节点数：53302 累计剪枝边数：66128
2023-10-12 15:27:18,634 - root - INFO - 横坐标: 7
2023-10-12 15:27:18,669 - root - INFO - 当前节点数：104886 当前边数：92599
2023-10-12 15:27:20,771 - root - INFO - 累计剪枝节点数：65508 累计剪枝边数：78007
2023-10-12 15:27:25,828 - root - INFO - 横坐标: 8
2023-10-12 15:27:25,870 - root - INFO - 当前节点数：113686 当前边数：101807
2023-10-12 15:27:28,254 - root - INFO - 累计剪枝节点数：78125 累计剪枝边数：91078
2023-10-12 15:27:33,237 - root - INFO - 横坐标: 9
2023-10-12 15:27:33,277 - root - INFO - 当前节点数：121668 当前边数：109418
2023-10-12 15:27:34,860 - root - INFO - 累计剪枝节点数：88323 累计剪枝边数：98885
2023-10-12 15:27:39,681 - root - INFO - 横坐标: 10
2023-10-12 15:27:39,726 - root - INFO - 当前节点数：131616 当前边数：121915
2023-10-12 15:27:41,160 - root - INFO - 累计剪枝节点数：98131 累计剪枝边数：108314
2023-10-12 15:27:46,051 - root - INFO - 横坐标: 11
2023-10-12 15:27:46,106 - root - INFO - 当前节点数：141610 当前边数：132381
2023-10-12 15:27:47,153 - root - INFO - 累计剪枝节点数：106259 累计剪枝边数：114769
2023-10-12 15:27:52,229 - root - INFO - 横坐标: 12
2023-10-12 15:27:52,285 - root - INFO - 当前节点数：152818 当前边数：145315
2023-10-12 15:27:53,661 - root - INFO - 累计剪枝节点数：115639 累计剪枝边数：125427
2023-10-12 15:27:58,273 - root - INFO - 横坐标: 13
2023-10-12 15:27:58,328 - root - INFO - 当前节点数：162300 当前边数：153603
2023-10-12 15:27:59,785 - root - INFO - 累计剪枝节点数：125464 累计剪枝边数：135745
2023-10-12 15:28:04,365 - root - INFO - 横坐标: 14
2023-10-12 15:28:04,423 - root - INFO - 当前节点数：170993 当前边数：161884
2023-10-12 15:28:05,299 - root - INFO - 累计剪枝节点数：133055 累计剪枝边数：141132
2023-10-12 15:28:09,976 - root - INFO - 横坐标: 15
2023-10-12 15:28:10,047 - root - INFO - 当前节点数：181500 当前边数：174713
2023-10-12 15:28:10,525 - root - INFO - 累计剪枝节点数：138372 累计剪枝边数：144200
2023-10-12 15:28:15,026 - root - INFO - 横坐标: 16
2023-10-12 15:28:15,095 - root - INFO - 当前节点数：193859 当前边数：189408
2023-10-12 15:28:15,357 - root - INFO - 累计剪枝节点数：141734 累计剪枝边数：145616
2023-10-12 15:28:19,927 - root - INFO - 横坐标: 17
2023-10-12 15:28:19,990 - root - INFO - 当前节点数：207814 当前边数：205482
2023-10-12 15:28:20,506 - root - INFO - 累计剪枝节点数：146716 累计剪枝边数：152229
2023-10-12 15:28:21,592 - root - INFO - 横坐标: 18
2023-10-12 15:28:21,654 - root - INFO - 当前节点数：202832 当前边数：198869
2023-10-12 15:28:22,749 - root - INFO - 累计剪枝节点数：155174 累计剪枝边数：164209
2023-10-12 15:28:22,754 - 比赛结果记录 - INFO - minimax wins:0
2023-10-12 15:28:22,754 - 比赛结果记录 - INFO - graph wins:1
2023-10-12 15:28:27,679 - root - INFO - 横坐标: 1
2023-10-12 15:28:27,690 - root - INFO - 当前节点数：23635 当前边数：23721
2023-10-12 15:28:27,706 - root - INFO - 累计剪枝节点数：61 累计剪枝边数：120
2023-10-12 20:56:57,576 - root - INFO - 横坐标: 1
2023-10-12 20:57:02,788 - root - INFO - 有效结点数：1
2023-10-12 20:57:06,573 - root - INFO - 横坐标: 2
2023-10-12 20:57:12,630 - root - INFO - 有效结点数：118
2023-10-12 20:57:16,348 - root - INFO - 横坐标: 3
2023-10-12 20:57:22,979 - root - INFO - 有效结点数：116
2023-10-12 20:57:26,702 - root - INFO - 横坐标: 4
2023-10-12 20:57:33,916 - root - INFO - 有效结点数：114
2023-10-12 20:57:37,631 - root - INFO - 横坐标: 5
2023-10-12 20:57:46,123 - root - INFO - 有效结点数：549
2023-10-12 20:57:49,751 - root - INFO - 横坐标: 6
2023-10-12 20:57:59,264 - root - INFO - 有效结点数：110
2023-10-12 20:58:03,034 - root - INFO - 横坐标: 7
2023-10-12 20:58:12,628 - root - INFO - 有效结点数：108
2023-10-12 20:58:16,525 - root - INFO - 横坐标: 8
2023-10-12 20:58:24,273 - root - INFO - 有效结点数：106
2023-10-12 20:58:28,177 - root - INFO - 横坐标: 9
2023-10-12 20:58:34,670 - root - INFO - 有效结点数：104
2023-10-12 20:58:38,376 - root - INFO - 横坐标: 10
2023-10-12 20:58:44,266 - root - INFO - 有效结点数：102
2023-10-12 20:58:47,977 - root - INFO - 横坐标: 11
2023-10-12 20:58:53,706 - root - INFO - 有效结点数：100
2023-10-12 20:58:57,429 - root - INFO - 横坐标: 12
2023-10-12 20:59:03,500 - root - INFO - 有效结点数：98
2023-10-12 20:59:07,049 - root - INFO - 横坐标: 13
2023-10-12 20:59:21,783 - root - INFO - 有效结点数：96
2023-10-12 20:59:25,443 - root - INFO - 横坐标: 14
2023-10-12 20:59:47,280 - root - INFO - 有效结点数：94
2023-10-12 20:59:47,407 - root - INFO - 横坐标: 15
2023-10-12 21:00:03,495 - 比赛结果记录 - INFO - minimax wins:0
2023-10-12 21:00:03,495 - 比赛结果记录 - INFO - graph wins:1
